2021-02-23 11:49:16.341  INFO 8083 --- [main] c.craterzone.demo.FileUploadApplication  : Starting FileUploadApplication using Java 15.0.1 on nk-HP-Laptop-15q-ds0xxx with PID 8083 (/home/nk/Documents/workspace-spring-tool-suite-4-4.9.0.RELEASE/FileUpload/target/classes started by nk in /home/nk/Documents/workspace-spring-tool-suite-4-4.9.0.RELEASE/FileUpload)
2021-02-23 11:49:16.344  INFO 8083 --- [main] c.craterzone.demo.FileUploadApplication  : No active profile set, falling back to default profiles: default
2021-02-23 11:49:18.503  INFO 8083 --- [main] o.s.b.w.embedded.tomcat.TomcatWebServer  : Tomcat initialized with port(s): 8080 (http)
2021-02-23 11:49:18.517  INFO 8083 --- [main] o.apache.catalina.core.StandardService   : Starting service [Tomcat]
2021-02-23 11:49:18.517  INFO 8083 --- [main] org.apache.catalina.core.StandardEngine  : Starting Servlet engine: [Apache Tomcat/9.0.43]
2021-02-23 11:49:18.793  INFO 8083 --- [main] o.a.c.c.C.[Tomcat].[localhost].[/]       : Initializing Spring embedded WebApplicationContext
2021-02-23 11:49:18.794  INFO 8083 --- [main] w.s.c.ServletWebServerApplicationContext : Root WebApplicationContext: initialization completed in 2399 ms
2021-02-23 11:49:21.645  WARN 8083 --- [main] ConfigServletWebServerApplicationContext : Exception encountered during context initialization - cancelling refresh attempt: org.springframework.beans.factory.UnsatisfiedDependencyException: Error creating bean with name 'azureClient': Unsatisfied dependency expressed through field 'cloudBlobContainer'; nested exception is org.springframework.beans.factory.NoSuchBeanDefinitionException: No qualifying bean of type 'com.microsoft.azure.storage.blob.CloudBlobContainer' available: expected at least 1 bean which qualifies as autowire candidate. Dependency annotations: {@org.springframework.beans.factory.annotation.Autowired(required=true)}
2021-02-23 11:49:21.648  INFO 8083 --- [main] o.apache.catalina.core.StandardService   : Stopping service [Tomcat]
2021-02-23 11:49:21.664  INFO 8083 --- [main] ConditionEvaluationReportLoggingListener : 

Error starting ApplicationContext. To display the conditions report re-run your application with 'debug' enabled.
2021-02-23 11:49:21.776 ERROR 8083 --- [main] o.s.b.d.LoggingFailureAnalysisReporter   : 

***************************
APPLICATION FAILED TO START
***************************

Description:

Field cloudBlobContainer in com.craterzone.demo.client.AzureClient required a bean of type 'com.microsoft.azure.storage.blob.CloudBlobContainer' that could not be found.

The injection point has the following annotations:
	- @org.springframework.beans.factory.annotation.Autowired(required=true)


Action:

Consider defining a bean of type 'com.microsoft.azure.storage.blob.CloudBlobContainer' in your configuration.

2021-02-23 11:53:19.452  INFO 8437 --- [main] c.craterzone.demo.FileUploadApplication  : Starting FileUploadApplication using Java 15.0.1 on nk-HP-Laptop-15q-ds0xxx with PID 8437 (/home/nk/Documents/workspace-spring-tool-suite-4-4.9.0.RELEASE/FileUpload/target/classes started by nk in /home/nk/Documents/workspace-spring-tool-suite-4-4.9.0.RELEASE/FileUpload)
2021-02-23 11:53:19.484  INFO 8437 --- [main] c.craterzone.demo.FileUploadApplication  : No active profile set, falling back to default profiles: default
2021-02-23 11:53:21.973  INFO 8437 --- [main] o.s.b.w.embedded.tomcat.TomcatWebServer  : Tomcat initialized with port(s): 8080 (http)
2021-02-23 11:53:21.983  INFO 8437 --- [main] o.apache.catalina.core.StandardService   : Starting service [Tomcat]
2021-02-23 11:53:21.984  INFO 8437 --- [main] org.apache.catalina.core.StandardEngine  : Starting Servlet engine: [Apache Tomcat/9.0.43]
2021-02-23 11:53:22.145  INFO 8437 --- [main] o.a.c.c.C.[Tomcat].[localhost].[/]       : Initializing Spring embedded WebApplicationContext
2021-02-23 11:53:22.146  INFO 8437 --- [main] w.s.c.ServletWebServerApplicationContext : Root WebApplicationContext: initialization completed in 2348 ms
2021-02-23 11:53:23.152  INFO 8437 --- [main] o.s.s.concurrent.ThreadPoolTaskExecutor  : Initializing ExecutorService 'applicationTaskExecutor'
2021-02-23 11:53:23.423  INFO 8437 --- [main] o.s.b.w.embedded.tomcat.TomcatWebServer  : Tomcat started on port(s): 8080 (http) with context path ''
2021-02-23 11:53:23.434  INFO 8437 --- [main] c.craterzone.demo.FileUploadApplication  : Started FileUploadApplication in 4.902 seconds (JVM running for 6.535)
2021-02-23 11:56:48.761  INFO 8437 --- [http-nio-8080-exec-1] o.a.c.c.C.[Tomcat].[localhost].[/]       : Initializing Spring DispatcherServlet 'dispatcherServlet'
2021-02-23 11:56:49.017  INFO 8437 --- [http-nio-8080-exec-1] o.s.web.servlet.DispatcherServlet        : Initializing Servlet 'dispatcherServlet'
2021-02-23 11:56:49.020  INFO 8437 --- [http-nio-8080-exec-1] o.s.web.servlet.DispatcherServlet        : Completed initialization in 2 ms
2021-02-23 11:58:11.870  INFO 8437 --- [RMI TCP Connection(8)-127.0.0.1] inMXBeanRegistrar$SpringApplicationAdmin : Application shutdown requested.
2021-02-23 11:58:12.084  INFO 8437 --- [RMI TCP Connection(8)-127.0.0.1] o.s.s.concurrent.ThreadPoolTaskExecutor  : Shutting down ExecutorService 'applicationTaskExecutor'
2021-02-23 11:59:25.264  INFO 9289 --- [main] c.craterzone.demo.FileUploadApplication  : Starting FileUploadApplication using Java 15.0.1 on nk-HP-Laptop-15q-ds0xxx with PID 9289 (/home/nk/Documents/workspace-spring-tool-suite-4-4.9.0.RELEASE/FileUpload/target/classes started by nk in /home/nk/Documents/workspace-spring-tool-suite-4-4.9.0.RELEASE/FileUpload)
2021-02-23 11:59:25.502  INFO 9289 --- [main] c.craterzone.demo.FileUploadApplication  : No active profile set, falling back to default profiles: default
2021-02-23 11:59:29.553  INFO 9289 --- [main] o.s.b.w.embedded.tomcat.TomcatWebServer  : Tomcat initialized with port(s): 8080 (http)
2021-02-23 11:59:29.576  INFO 9289 --- [main] o.apache.catalina.core.StandardService   : Starting service [Tomcat]
2021-02-23 11:59:29.576  INFO 9289 --- [main] org.apache.catalina.core.StandardEngine  : Starting Servlet engine: [Apache Tomcat/9.0.43]
2021-02-23 11:59:29.796  INFO 9289 --- [main] o.a.c.c.C.[Tomcat].[localhost].[/]       : Initializing Spring embedded WebApplicationContext
2021-02-23 11:59:29.796  INFO 9289 --- [main] w.s.c.ServletWebServerApplicationContext : Root WebApplicationContext: initialization completed in 4131 ms
2021-02-23 11:59:34.733  INFO 9289 --- [main] o.s.s.concurrent.ThreadPoolTaskExecutor  : Initializing ExecutorService 'applicationTaskExecutor'
2021-02-23 11:59:36.520  INFO 9289 --- [main] o.s.b.w.embedded.tomcat.TomcatWebServer  : Tomcat started on port(s): 8080 (http) with context path ''
2021-02-23 11:59:36.533  INFO 9289 --- [main] c.craterzone.demo.FileUploadApplication  : Started FileUploadApplication in 12.259 seconds (JVM running for 16.27)
2021-02-23 11:59:57.770  INFO 9289 --- [http-nio-8080-exec-2] o.a.c.c.C.[Tomcat].[localhost].[/]       : Initializing Spring DispatcherServlet 'dispatcherServlet'
2021-02-23 11:59:57.855  INFO 9289 --- [http-nio-8080-exec-2] o.s.web.servlet.DispatcherServlet        : Initializing Servlet 'dispatcherServlet'
2021-02-23 11:59:57.857  INFO 9289 --- [http-nio-8080-exec-2] o.s.web.servlet.DispatcherServlet        : Completed initialization in 1 ms
2021-02-23 12:05:44.966 ERROR 9289 --- [http-nio-8080-exec-4] com.craterzone.demo.client.AzureClient   : 
2021-02-23 12:05:45.272 ERROR 9289 --- [http-nio-8080-exec-4] o.a.c.c.C.[.[.[/].[dispatcherServlet]    : Servlet.service() for servlet [dispatcherServlet] in context with path [] threw exception [Request processing failed; nested exception is java.lang.NullPointerException: Cannot invoke "java.net.URI.toString()" because the return value of "com.craterzone.demo.client.FileUploadClient.uploadMultipartFile(org.springframework.web.multipart.MultipartFile)" is null] with root cause

java.lang.NullPointerException: Cannot invoke "java.net.URI.toString()" because the return value of "com.craterzone.demo.client.FileUploadClient.uploadMultipartFile(org.springframework.web.multipart.MultipartFile)" is null
	at com.craterzone.demo.service.FileUploadService.uploadFile(FileUploadService.java:29) ~[classes/:na]
	at com.craterzone.demo.controller.FileUploadController.uploadFile(FileUploadController.java:25) ~[classes/:na]
	at java.base/jdk.internal.reflect.NativeMethodAccessorImpl.invoke0(Native Method) ~[na:na]
	at java.base/jdk.internal.reflect.NativeMethodAccessorImpl.invoke(NativeMethodAccessorImpl.java:64) ~[na:na]
	at java.base/jdk.internal.reflect.DelegatingMethodAccessorImpl.invoke(DelegatingMethodAccessorImpl.java:43) ~[na:na]
	at java.base/java.lang.reflect.Method.invoke(Method.java:564) ~[na:na]
	at org.springframework.web.method.support.InvocableHandlerMethod.doInvoke(InvocableHandlerMethod.java:197) ~[spring-web-5.3.4.jar:5.3.4]
	at org.springframework.web.method.support.InvocableHandlerMethod.invokeForRequest(InvocableHandlerMethod.java:141) ~[spring-web-5.3.4.jar:5.3.4]
	at org.springframework.web.servlet.mvc.method.annotation.ServletInvocableHandlerMethod.invokeAndHandle(ServletInvocableHandlerMethod.java:106) ~[spring-webmvc-5.3.4.jar:5.3.4]
	at org.springframework.web.servlet.mvc.method.annotation.RequestMappingHandlerAdapter.invokeHandlerMethod(RequestMappingHandlerAdapter.java:894) ~[spring-webmvc-5.3.4.jar:5.3.4]
	at org.springframework.web.servlet.mvc.method.annotation.RequestMappingHandlerAdapter.handleInternal(RequestMappingHandlerAdapter.java:808) ~[spring-webmvc-5.3.4.jar:5.3.4]
	at org.springframework.web.servlet.mvc.method.AbstractHandlerMethodAdapter.handle(AbstractHandlerMethodAdapter.java:87) ~[spring-webmvc-5.3.4.jar:5.3.4]
	at org.springframework.web.servlet.DispatcherServlet.doDispatch(DispatcherServlet.java:1060) ~[spring-webmvc-5.3.4.jar:5.3.4]
	at org.springframework.web.servlet.DispatcherServlet.doService(DispatcherServlet.java:962) ~[spring-webmvc-5.3.4.jar:5.3.4]
	at org.springframework.web.servlet.FrameworkServlet.processRequest(FrameworkServlet.java:1006) ~[spring-webmvc-5.3.4.jar:5.3.4]
	at org.springframework.web.servlet.FrameworkServlet.doPost(FrameworkServlet.java:909) ~[spring-webmvc-5.3.4.jar:5.3.4]
	at javax.servlet.http.HttpServlet.service(HttpServlet.java:652) ~[tomcat-embed-core-9.0.43.jar:4.0.FR]
	at org.springframework.web.servlet.FrameworkServlet.service(FrameworkServlet.java:883) ~[spring-webmvc-5.3.4.jar:5.3.4]
	at javax.servlet.http.HttpServlet.service(HttpServlet.java:733) ~[tomcat-embed-core-9.0.43.jar:4.0.FR]
	at org.apache.catalina.core.ApplicationFilterChain.internalDoFilter(ApplicationFilterChain.java:227) ~[tomcat-embed-core-9.0.43.jar:9.0.43]
	at org.apache.catalina.core.ApplicationFilterChain.doFilter(ApplicationFilterChain.java:162) ~[tomcat-embed-core-9.0.43.jar:9.0.43]
	at org.apache.tomcat.websocket.server.WsFilter.doFilter(WsFilter.java:53) ~[tomcat-embed-websocket-9.0.43.jar:9.0.43]
	at org.apache.catalina.core.ApplicationFilterChain.internalDoFilter(ApplicationFilterChain.java:189) ~[tomcat-embed-core-9.0.43.jar:9.0.43]
	at org.apache.catalina.core.ApplicationFilterChain.doFilter(ApplicationFilterChain.java:162) ~[tomcat-embed-core-9.0.43.jar:9.0.43]
	at org.springframework.web.filter.RequestContextFilter.doFilterInternal(RequestContextFilter.java:100) ~[spring-web-5.3.4.jar:5.3.4]
	at org.springframework.web.filter.OncePerRequestFilter.doFilter(OncePerRequestFilter.java:119) ~[spring-web-5.3.4.jar:5.3.4]
	at org.apache.catalina.core.ApplicationFilterChain.internalDoFilter(ApplicationFilterChain.java:189) ~[tomcat-embed-core-9.0.43.jar:9.0.43]
	at org.apache.catalina.core.ApplicationFilterChain.doFilter(ApplicationFilterChain.java:162) ~[tomcat-embed-core-9.0.43.jar:9.0.43]
	at org.springframework.web.filter.FormContentFilter.doFilterInternal(FormContentFilter.java:93) ~[spring-web-5.3.4.jar:5.3.4]
	at org.springframework.web.filter.OncePerRequestFilter.doFilter(OncePerRequestFilter.java:119) ~[spring-web-5.3.4.jar:5.3.4]
	at org.apache.catalina.core.ApplicationFilterChain.internalDoFilter(ApplicationFilterChain.java:189) ~[tomcat-embed-core-9.0.43.jar:9.0.43]
	at org.apache.catalina.core.ApplicationFilterChain.doFilter(ApplicationFilterChain.java:162) ~[tomcat-embed-core-9.0.43.jar:9.0.43]
	at org.springframework.web.filter.CharacterEncodingFilter.doFilterInternal(CharacterEncodingFilter.java:201) ~[spring-web-5.3.4.jar:5.3.4]
	at org.springframework.web.filter.OncePerRequestFilter.doFilter(OncePerRequestFilter.java:119) ~[spring-web-5.3.4.jar:5.3.4]
	at org.apache.catalina.core.ApplicationFilterChain.internalDoFilter(ApplicationFilterChain.java:189) ~[tomcat-embed-core-9.0.43.jar:9.0.43]
	at org.apache.catalina.core.ApplicationFilterChain.doFilter(ApplicationFilterChain.java:162) ~[tomcat-embed-core-9.0.43.jar:9.0.43]
	at org.apache.catalina.core.StandardWrapperValve.invoke(StandardWrapperValve.java:202) ~[tomcat-embed-core-9.0.43.jar:9.0.43]
	at org.apache.catalina.core.StandardContextValve.invoke(StandardContextValve.java:97) ~[tomcat-embed-core-9.0.43.jar:9.0.43]
	at org.apache.catalina.authenticator.AuthenticatorBase.invoke(AuthenticatorBase.java:542) ~[tomcat-embed-core-9.0.43.jar:9.0.43]
	at org.apache.catalina.core.StandardHostValve.invoke(StandardHostValve.java:143) ~[tomcat-embed-core-9.0.43.jar:9.0.43]
	at org.apache.catalina.valves.ErrorReportValve.invoke(ErrorReportValve.java:92) ~[tomcat-embed-core-9.0.43.jar:9.0.43]
	at org.apache.catalina.core.StandardEngineValve.invoke(StandardEngineValve.java:78) ~[tomcat-embed-core-9.0.43.jar:9.0.43]
	at org.apache.catalina.connector.CoyoteAdapter.service(CoyoteAdapter.java:346) ~[tomcat-embed-core-9.0.43.jar:9.0.43]
	at org.apache.coyote.http11.Http11Processor.service(Http11Processor.java:374) ~[tomcat-embed-core-9.0.43.jar:9.0.43]
	at org.apache.coyote.AbstractProcessorLight.process(AbstractProcessorLight.java:65) ~[tomcat-embed-core-9.0.43.jar:9.0.43]
	at org.apache.coyote.AbstractProtocol$ConnectionHandler.process(AbstractProtocol.java:887) ~[tomcat-embed-core-9.0.43.jar:9.0.43]
	at org.apache.tomcat.util.net.NioEndpoint$SocketProcessor.doRun(NioEndpoint.java:1684) ~[tomcat-embed-core-9.0.43.jar:9.0.43]
	at org.apache.tomcat.util.net.SocketProcessorBase.run(SocketProcessorBase.java:49) ~[tomcat-embed-core-9.0.43.jar:9.0.43]
	at java.base/java.util.concurrent.ThreadPoolExecutor.runWorker(ThreadPoolExecutor.java:1130) ~[na:na]
	at java.base/java.util.concurrent.ThreadPoolExecutor$Worker.run(ThreadPoolExecutor.java:630) ~[na:na]
	at org.apache.tomcat.util.threads.TaskThread$WrappingRunnable.run(TaskThread.java:61) ~[tomcat-embed-core-9.0.43.jar:9.0.43]
	at java.base/java.lang.Thread.run(Thread.java:832) ~[na:na]

2021-02-23 12:06:41.175  WARN 9289 --- [http-nio-8080-exec-7] .w.s.m.s.DefaultHandlerExceptionResolver : Resolved [org.springframework.web.multipart.support.MissingServletRequestPartException: Required request part 'file' is not present]
2021-02-23 12:09:56.910  INFO 9289 --- [RMI TCP Connection(15)-127.0.0.1] inMXBeanRegistrar$SpringApplicationAdmin : Application shutdown requested.
2021-02-23 12:09:57.291  INFO 9289 --- [RMI TCP Connection(15)-127.0.0.1] o.s.s.concurrent.ThreadPoolTaskExecutor  : Shutting down ExecutorService 'applicationTaskExecutor'
2021-02-23 12:10:17.233  INFO 9887 --- [main] c.craterzone.demo.FileUploadApplication  : Starting FileUploadApplication using Java 15.0.1 on nk-HP-Laptop-15q-ds0xxx with PID 9887 (/home/nk/Documents/workspace-spring-tool-suite-4-4.9.0.RELEASE/FileUpload/target/classes started by nk in /home/nk/Documents/workspace-spring-tool-suite-4-4.9.0.RELEASE/FileUpload)
2021-02-23 12:10:17.236  INFO 9887 --- [main] c.craterzone.demo.FileUploadApplication  : No active profile set, falling back to default profiles: default
2021-02-23 12:10:21.884  INFO 9887 --- [main] o.s.b.w.embedded.tomcat.TomcatWebServer  : Tomcat initialized with port(s): 8080 (http)
2021-02-23 12:10:21.999  INFO 9887 --- [main] o.apache.catalina.core.StandardService   : Starting service [Tomcat]
2021-02-23 12:10:22.000  INFO 9887 --- [main] org.apache.catalina.core.StandardEngine  : Starting Servlet engine: [Apache Tomcat/9.0.43]
2021-02-23 12:10:22.713  INFO 9887 --- [main] o.a.c.c.C.[Tomcat].[localhost].[/]       : Initializing Spring embedded WebApplicationContext
2021-02-23 12:10:22.714  INFO 9887 --- [main] w.s.c.ServletWebServerApplicationContext : Root WebApplicationContext: initialization completed in 5433 ms
2021-02-23 12:10:28.210  INFO 9887 --- [main] o.s.s.concurrent.ThreadPoolTaskExecutor  : Initializing ExecutorService 'applicationTaskExecutor'
2021-02-23 12:10:28.560  INFO 9887 --- [main] o.s.b.w.embedded.tomcat.TomcatWebServer  : Tomcat started on port(s): 8080 (http) with context path ''
2021-02-23 12:10:28.571  INFO 9887 --- [main] c.craterzone.demo.FileUploadApplication  : Started FileUploadApplication in 12.014 seconds (JVM running for 16.741)
2021-02-23 12:11:13.502  INFO 9887 --- [RMI TCP Connection(4)-127.0.0.1] inMXBeanRegistrar$SpringApplicationAdmin : Application shutdown requested.
2021-02-23 12:11:14.126  INFO 9887 --- [RMI TCP Connection(4)-127.0.0.1] o.s.s.concurrent.ThreadPoolTaskExecutor  : Shutting down ExecutorService 'applicationTaskExecutor'
2021-02-23 12:12:28.014  INFO 10158 --- [main] c.craterzone.demo.FileUploadApplication  : Starting FileUploadApplication using Java 15.0.1 on nk-HP-Laptop-15q-ds0xxx with PID 10158 (/home/nk/Documents/workspace-spring-tool-suite-4-4.9.0.RELEASE/FileUpload/target/classes started by nk in /home/nk/Documents/workspace-spring-tool-suite-4-4.9.0.RELEASE/FileUpload)
2021-02-23 12:12:28.017  INFO 10158 --- [main] c.craterzone.demo.FileUploadApplication  : No active profile set, falling back to default profiles: default
2021-02-23 12:12:30.634  INFO 10158 --- [main] o.s.b.w.embedded.tomcat.TomcatWebServer  : Tomcat initialized with port(s): 8080 (http)
2021-02-23 12:12:30.655  INFO 10158 --- [main] o.apache.catalina.core.StandardService   : Starting service [Tomcat]
2021-02-23 12:12:30.655  INFO 10158 --- [main] org.apache.catalina.core.StandardEngine  : Starting Servlet engine: [Apache Tomcat/9.0.43]
2021-02-23 12:12:30.772  INFO 10158 --- [main] o.a.c.c.C.[Tomcat].[localhost].[/]       : Initializing Spring embedded WebApplicationContext
2021-02-23 12:12:30.772  INFO 10158 --- [main] w.s.c.ServletWebServerApplicationContext : Root WebApplicationContext: initialization completed in 2711 ms
2021-02-23 12:12:31.959  INFO 10158 --- [main] o.s.s.concurrent.ThreadPoolTaskExecutor  : Initializing ExecutorService 'applicationTaskExecutor'
2021-02-23 12:12:32.169  INFO 10158 --- [main] o.s.b.w.embedded.tomcat.TomcatWebServer  : Tomcat started on port(s): 8080 (http) with context path ''
2021-02-23 12:12:32.180  INFO 10158 --- [main] c.craterzone.demo.FileUploadApplication  : Started FileUploadApplication in 4.81 seconds (JVM running for 6.974)
2021-02-23 12:12:41.740  INFO 10158 --- [http-nio-8080-exec-1] o.a.c.c.C.[Tomcat].[localhost].[/]       : Initializing Spring DispatcherServlet 'dispatcherServlet'
2021-02-23 12:12:41.763  INFO 10158 --- [http-nio-8080-exec-1] o.s.web.servlet.DispatcherServlet        : Initializing Servlet 'dispatcherServlet'
2021-02-23 12:12:41.765  INFO 10158 --- [http-nio-8080-exec-1] o.s.web.servlet.DispatcherServlet        : Completed initialization in 1 ms
2021-02-23 12:12:41.865  WARN 10158 --- [http-nio-8080-exec-1] .w.s.m.s.DefaultHandlerExceptionResolver : Resolved [org.springframework.web.multipart.support.MissingServletRequestPartException: Required request part 'file' is not present]
